<?xml version="1.0" encoding="UTF-8"?>
<testsuite name="FeatureMthdWTHExpB" tests="1" skipped="0" failures="0" errors="0" timestamp="2019-04-15T20:46:02" hostname="Nafis-MacBook-Pro.local" time="0.046">
  <properties/>
  <testcase name="add two number" classname="FeatureMthdWTHExpB" time="0.046"/>
  <system-out><![CDATA[-950163197
Thrown the exception
I have done the clean
]]></system-out>
  <system-err><![CDATA[]]></system-err>
</testsuite>
